0 info it worked if it ends with ok
1 verbose cli [ 'C:\\Program Files\\nodejs\\node.exe',
1 verbose cli   'C:\\Users\\errol\\AppData\\Roaming\\npm\\node_modules\\npm\\bin\\npm-cli.js',
1 verbose cli   'start' ]
2 info using npm@3.9.3
3 info using node@v4.4.7
4 verbose run-script [ 'prestart', 'start', 'poststart' ]
5 info lifecycle angular2-quickstart@1.0.0~prestart: angular2-quickstart@1.0.0
6 silly lifecycle angular2-quickstart@1.0.0~prestart: no script for prestart, continuing
7 info lifecycle angular2-quickstart@1.0.0~start: angular2-quickstart@1.0.0
8 verbose lifecycle angular2-quickstart@1.0.0~start: unsafe-perm in lifecycle true
9 verbose lifecycle angular2-quickstart@1.0.0~start: PATH: C:\Users\errol\AppData\Roaming\npm\node_modules\npm\bin\node-gyp-bin;D:\www\a2_spotify\node_modules\.bin;C:\Program Files\nodejs;C:\Users\errol_8w96iph\bin;C:\Users\errol_8w96iph\AppData\Local\Programs\Git\mingw64\bin;C:\Users\errol_8w96iph\AppData\Local\Programs\Git\usr\local\bin;C:\Users\errol_8w96iph\AppData\Local\Programs\Git\usr\bin;C:\Users\errol_8w96iph\AppData\Local\Programs\Git\usr\bin;C:\Users\errol_8w96iph\AppData\Local\Programs\Git\mingw64\bin;C:\Users\errol_8w96iph\AppData\Local\Programs\Git\usr\bin;C:\Users\errol_8w96iph\bin;C:\ProgramData\Oracle\Java\javapath;C:\WINDOWS\system32;C:\WINDOWS;C:\WINDOWS\System32\Wbem;C:\WINDOWS\System32\WindowsPowerShell\v1.0;D:\MySQL\MySQL Server 5.6\bin;C:\WINDOWS\system32\config\systemprofile\.dnx\bin;C:\Program Files\Microsoft DNX\Dnvm;D:\php;C:\Users\errol_8w96iph\AppData\Roaming\Composer\vendor\bin;vendor\bin;D:\sqlite;C:\Users\errol\AppData\Roaming\npm;C:\Program Files (x86)\Common Files\Adobe\AGL;C:\Program Files (x86)\Windows Live\Shared;C:\Program Files (x86)\Skype\Phone;C:\Program Files (x86)\Microsoft Emulator Manager\1.0;C:\Tools\Bitvise SSH Client;C:\Program Files (x86)\Windows Kits\8.1\Windows Performance Toolkit;C:\Program Files\Microsoft SQL Server\110\Tools\Binn;C:\Program Files (x86)\Microsoft SDKs\TypeScript\1.0;C:\Program Files (x86)\Brackets\command;C:\Program Files\nodejs;D:\php;C:\Users\errol_8w96iph\AppData\Local\Programs\Git\cmd;D:\wamp\bin\php\php5.5.12;C:\Users\errol_8w96iph\AppData\Local\ComposerSetup\bin;C:\Users\errol_8w96iph\AppData\Roaming\npm;C:\Users\errol_8w96iph\AppData\Local\atom\bin;C:\Users\errol_8w96iph\AppData\Local\Programs\Git\usr\bin\vendor_perl;C:\Users\errol_8w96iph\AppData\Local\Programs\Git\usr\bin\core_perl
10 verbose lifecycle angular2-quickstart@1.0.0~start: CWD: D:\www\a2_spotify
11 silly lifecycle angular2-quickstart@1.0.0~start: Args: [ '/d /s /c', 'tsc && concurrently "tsc -w" "lite-server" ' ]
12 silly lifecycle angular2-quickstart@1.0.0~start: Returned: code: 2  signal: null
13 info lifecycle angular2-quickstart@1.0.0~start: Failed to exec start script
14 verbose stack Error: angular2-quickstart@1.0.0 start: `tsc && concurrently "tsc -w" "lite-server" `
14 verbose stack Exit status 2
14 verbose stack     at EventEmitter.<anonymous> (C:\Users\errol\AppData\Roaming\npm\node_modules\npm\lib\utils\lifecycle.js:245:16)
14 verbose stack     at emitTwo (events.js:87:13)
14 verbose stack     at EventEmitter.emit (events.js:172:7)
14 verbose stack     at ChildProcess.<anonymous> (C:\Users\errol\AppData\Roaming\npm\node_modules\npm\lib\utils\spawn.js:24:14)
14 verbose stack     at emitTwo (events.js:87:13)
14 verbose stack     at ChildProcess.emit (events.js:172:7)
14 verbose stack     at maybeClose (internal/child_process.js:827:16)
14 verbose stack     at Process.ChildProcess._handle.onexit (internal/child_process.js:211:5)
15 verbose pkgid angular2-quickstart@1.0.0
16 verbose cwd D:\www\a2_spotify
17 error Windows_NT 10.0.10586
18 error argv "C:\\Program Files\\nodejs\\node.exe" "C:\\Users\\errol\\AppData\\Roaming\\npm\\node_modules\\npm\\bin\\npm-cli.js" "start"
19 error node v4.4.7
20 error npm  v3.9.3
21 error code ELIFECYCLE
22 error angular2-quickstart@1.0.0 start: `tsc && concurrently "tsc -w" "lite-server" `
22 error Exit status 2
23 error Failed at the angular2-quickstart@1.0.0 start script 'tsc && concurrently "tsc -w" "lite-server" '.
23 error Make sure you have the latest version of node.js and npm installed.
23 error If you do, this is most likely a problem with the angular2-quickstart package,
23 error not with npm itself.
23 error Tell the author that this fails on your system:
23 error     tsc && concurrently "tsc -w" "lite-server"
23 error You can get information on how to open an issue for this project with:
23 error     npm bugs angular2-quickstart
23 error Or if that isn't available, you can get their info via:
23 error     npm owner ls angular2-quickstart
23 error There is likely additional logging output above.
24 verbose exit [ 1, true ]
